<?xml version="1.0" encoding="UTF-8"?>
<!-- Generated by org.testng.reporters.JUnitXMLReporter -->
<testsuite ignored="2" hostname="MSI" failures="0" tests="0" time="0.019" errors="0" timestamp="2025-04-15T11:19:56 IST">
  <testcase classname="FrameWorkDesign.ErrorValidations" name="LoginErrorValidate" time="0.0">
    <ignored/>
  </testcase> <!-- LoginErrorValidate -->
  <testcase classname="FrameWorkDesign.ErrorValidations" name="ProductErrorValidate" time="0.0">
    <ignored/>
  </testcase> <!-- ProductErrorValidate -->
</testsuite>
