<?xml version="1.0" encoding="UTF-8"?>
<!-- Generated by org.testng.reporters.JUnitXMLReporter -->
<testsuite ignored="1" hostname="MSI" failures="0" tests="2" name="Order Product" time="38.064" errors="0" timestamp="2025-04-15T11:20:34 IST">
  <testcase classname="FrameWorkDesign.OrderaProduct" name="orderaprod" time="14.37"/>
  <testcase classname="FrameWorkDesign.OrderaProduct" name="orderaprod" time="14.319"/>
  <testcase classname="FrameWorkDesign.OrderaProduct" name="OrderHistory" time="0.0">
    <ignored/>
  </testcase> <!-- OrderHistory -->
</testsuite> <!-- Order Product -->
