<?xml version="1.0" encoding="UTF-8"?>
<!-- Generated by org.testng.reporters.JUnitXMLReporter -->
<testsuite ignored="3" hostname="MSI" failures="0" tests="1" name="Test" time="4.898" errors="0" timestamp="2025-03-13T18:55:16 IST">
  <testcase classname="TestNG.LoginLogout" name="TestLogin" time="1.033"/>
  <testcase classname="TestNG.invalidLogin" name="TestLogin1" time="0.0">
    <ignored/>
  </testcase> <!-- TestLogin1 -->
  <testcase classname="TestNG.invalidLogin" name="TestLogin2" time="0.0">
    <ignored/>
  </testcase> <!-- TestLogin2 -->
  <testcase classname="TestNG.LoginLogout" name="logout" time="0.0">
    <ignored/>
  </testcase> <!-- logout -->
</testsuite> <!-- Test -->
