<?xml version="1.0" encoding="UTF-8"?>
<!-- Generated by org.testng.reporters.JUnitXMLReporter -->
<testsuite ignored="0" hostname="MSI" failures="0" tests="3" name="Order Product" time="52.522" errors="0" timestamp="2025-04-15T12:30:58 IST">
  <testcase classname="FrameWorkDesign.OrderaProduct" name="orderaprod" time="14.717"/>
  <testcase classname="FrameWorkDesign.OrderaProduct" name="orderaprod" time="15.529"/>
  <testcase classname="FrameWorkDesign.OrderaProduct" name="OrderHistory" time="1.17"/>
</testsuite> <!-- Order Product -->
