<?xml version="1.0" encoding="UTF-8"?>
<testsuite xmlns:xsi="http://www.w3.org/2001/XMLSchema-instance" xsi:noNamespaceSchemaLocation="https://maven.apache.org/surefire/maven-surefire-plugin/xsd/surefire-test-report.xsd" version="3.0.2" name="TestSuite" time="53.915" tests="5" errors="0" skipped="0" failures="0">
  <properties>
[...]
</properties>
  <testcase name="LoginErrorValidate" classname="FrameWorkDesign.ErrorValidations" time="0.639">
    <system-err><![CDATA[SLF4J(W): No SLF4J providers were found.
SLF4J(W): Defaulting to no-operation (NOP) logger implementation
SLF4J(W): See https://www.slf4j.org/codes.html#noProviders for further details.
Apr 15, 2025 12:30:12 PM org.openqa.selenium.devtools.CdpVersionFinder findNearestMatch
WARNING: Unable to find an exact match for CDP version 135, returning the closest version; found: 131; Please update to a Selenium version that supports CDP version 135
Apr 15, 2025 12:30:12 PM org.openqa.selenium.devtools.CdpVersionFinder findNearestMatch
WARNING: Unable to find an exact match for CDP version 135, returning the closest version; found: 131; Please update to a Selenium version that supports CDP version 135
]]></system-err>
  </testcase>
  <testcase name="ProductErrorValidate" classname="FrameWorkDesign.ErrorValidations" time="14.426">
    <system-err><![CDATA[Apr 15, 2025 12:30:32 PM org.openqa.selenium.devtools.CdpVersionFinder findNearestMatch
WARNING: Unable to find an exact match for CDP version 135, returning the closest version; found: 131; Please update to a Selenium version that supports CDP version 135
]]></system-err>
  </testcase>
  <testcase name="orderaprod[{productname=ZARA COAT 3, password=Kavya@124, email=kavyak@gmail.com}](1)" classname="FrameWorkDesign.OrderaProduct" time="11.268">
    <system-err><![CDATA[Apr 15, 2025 12:30:17 PM org.openqa.selenium.devtools.CdpVersionFinder findNearestMatch
WARNING: Unable to find an exact match for CDP version 135, returning the closest version; found: 131; Please update to a Selenium version that supports CDP version 135
]]></system-err>
  </testcase>
  <testcase name="orderaprod[{productname=ADIDAS ORIGINAL, password=Kavya@124, email=kavyaki@gmail.com}](2)" classname="FrameWorkDesign.OrderaProduct" time="15.53"/>
  <testcase name="OrderHistory" classname="FrameWorkDesign.OrderaProduct" time="1.171">
    <system-err><![CDATA[Apr 15, 2025 12:30:52 PM org.openqa.selenium.devtools.CdpVersionFinder findNearestMatch
WARNING: Unable to find an exact match for CDP version 135, returning the closest version; found: 131; Please update to a Selenium version that supports CDP version 135
]]></system-err>
  </testcase>
</testsuite>